0 info it worked if it ends with ok
1 verbose cli [ '/usr/local/bin/node',
1 verbose cli   '/usr/local/bin/npm',
1 verbose cli   'install',
1 verbose cli   'browser-sync' ]
2 info using npm@1.1.69
3 info using node@v0.8.16
4 verbose read json /var/www/html/biweb9/package.json
5 verbose read json /var/www/html/biweb9/package.json
6 verbose cache add [ 'browser-sync', null ]
7 silly cache add name=undefined spec="browser-sync" args=["browser-sync",null]
8 verbose parsed url { pathname: 'browser-sync',
8 verbose parsed url   path: 'browser-sync',
8 verbose parsed url   href: 'browser-sync' }
9 silly lockFile 6d7be3df-browser-sync browser-sync
10 verbose lock browser-sync /home/biadmin/.npm/6d7be3df-browser-sync.lock
11 silly lockFile 6d7be3df-browser-sync browser-sync
12 verbose addNamed [ 'browser-sync', '' ]
13 verbose addNamed [ null, '' ]
14 silly lockFile 6373e9ab-browser-sync browser-sync@
15 verbose lock browser-sync@ /home/biadmin/.npm/6373e9ab-browser-sync.lock
16 silly addNameRange { name: 'browser-sync', range: '', hasData: false }
17 verbose url raw browser-sync
18 verbose url resolving [ 'https://registry.npmjs.org/', './browser-sync' ]
19 verbose url resolved https://registry.npmjs.org/browser-sync
20 info trying registry request attempt 1 at 10:26:15
21 http GET https://registry.npmjs.org/browser-sync
22 http 200 https://registry.npmjs.org/browser-sync
23 silly registry.get cb [ 200,
23 silly registry.get   { 'content-type': 'application/json; charset=UTF-8',
23 silly registry.get     server: 'UploadServer',
23 silly registry.get     'cache-control': 'max-age=300',
23 silly registry.get     'last-modified': 'Wed, 17 Jan 2018 22:51:41 GMT',
23 silly registry.get     etag: '"5a5fd37d-8ebe4"',
23 silly registry.get     'content-length': '584676',
23 silly registry.get     'accept-ranges': 'bytes',
23 silly registry.get     date: 'Thu, 18 Jan 2018 04:56:16 GMT',
23 silly registry.get     via: '1.1 varnish',
23 silly registry.get     age: '0',
23 silly registry.get     connection: 'keep-alive',
23 silly registry.get     'x-served-by': 'cache-ams4436-AMS',
23 silly registry.get     'x-cache': 'MISS',
23 silly registry.get     'x-cache-hits': '0',
23 silly registry.get     'x-timer': 'S1516251376.071727,VS0,VE208',
23 silly registry.get     vary: 'Accept-Encoding, Accept' } ]
24 silly addNameRange number 2 { name: 'browser-sync', range: '', hasData: true }
25 silly addNameRange versions [ 'browser-sync',
25 silly addNameRange   [ '0.1.0',
25 silly addNameRange     '0.1.1',
25 silly addNameRange     '0.1.3',
25 silly addNameRange     '0.1.5',
25 silly addNameRange     '0.1.6',
25 silly addNameRange     '0.1.7',
25 silly addNameRange     '0.1.8',
25 silly addNameRange     '0.1.9',
25 silly addNameRange     '0.1.10',
25 silly addNameRange     '0.2.0',
25 silly addNameRange     '0.2.1',
25 silly addNameRange     '0.3.0',
25 silly addNameRange     '0.3.1',
25 silly addNameRange     '0.3.2',
25 silly addNameRange     '0.3.3',
25 silly addNameRange     '0.3.4',
25 silly addNameRange     '0.3.5',
25 silly addNameRange     '0.3.6',
25 silly addNameRange     '0.3.7',
25 silly addNameRange     '0.3.8',
25 silly addNameRange     '0.3.10',
25 silly addNameRange     '0.4.0',
25 silly addNameRange     '0.4.1',
25 silly addNameRange     '0.4.2',
25 silly addNameRange     '0.4.21',
25 silly addNameRange     '0.4.3',
25 silly addNameRange     '0.4.4',
25 silly addNameRange     '0.4.5',
25 silly addNameRange     '0.4.6',
25 silly addNameRange     '0.4.7',
25 silly addNameRange     '0.4.8',
25 silly addNameRange     '0.4.9',
25 silly addNameRange     '0.4.10',
25 silly addNameRange     '0.4.11',
25 silly addNameRange     '0.4.12',
25 silly addNameRange     '0.5.0',
25 silly addNameRange     '0.5.1',
25 silly addNameRange     '0.5.2',
25 silly addNameRange     '0.5.3',
25 silly addNameRange     '0.5.4',
25 silly addNameRange     '0.5.5',
25 silly addNameRange     '0.5.6',
25 silly addNameRange     '0.5.7',
25 silly addNameRange     '0.5.8',
25 silly addNameRange     '0.5.9',
25 silly addNameRange     '0.6.0',
25 silly addNameRange     '0.6.1',
25 silly addNameRange     '0.6.2',
25 silly addNameRange     '0.7.0',
25 silly addNameRange     '0.7.1',
25 silly addNameRange     '0.7.2',
25 silly addNameRange     '0.7.3',
25 silly addNameRange     '0.7.4',
25 silly addNameRange     '0.7.5',
25 silly addNameRange     '0.7.7',
25 silly addNameRange     '0.8.0',
25 silly addNameRange     '0.8.1',
25 silly addNameRange     '0.8.2',
25 silly addNameRange     '0.9.0',
25 silly addNameRange     '0.9.1',
25 silly addNameRange     '1.0.0',
25 silly addNameRange     '1.1.0',
25 silly addNameRange     '1.1.1',
25 silly addNameRange     '1.1.2',
25 silly addNameRange     '1.2.0',
25 silly addNameRange     '1.2.1',
25 silly addNameRange     '1.3.0',
25 silly addNameRange     '1.3.2',
25 silly addNameRange     '1.3.3',
25 silly addNameRange     '1.3.4',
25 silly addNameRange     '1.3.5',
25 silly addNameRange     '1.3.6',
25 silly addNameRange     '1.3.7',
25 silly addNameRange     '1.5.0',
25 silly addNameRange     '1.5.1',
25 silly addNameRange     '1.5.2',
25 silly addNameRange     '1.5.3',
25 silly addNameRange     '1.5.4',
25 silly addNameRange     '1.5.5',
25 silly addNameRange     '1.5.6',
25 silly addNameRange     '1.5.7',
25 silly addNameRange     '1.5.8',
25 silly addNameRange     '1.5.9',
25 silly addNameRange     '1.6.0',
25 silly addNameRange     '1.6.1',
25 silly addNameRange     '1.6.2',
25 silly addNameRange     '1.6.3',
25 silly addNameRange     '1.6.4',
25 silly addNameRange     '1.6.5',
25 silly addNameRange     '1.7.0',
25 silly addNameRange     '1.7.1',
25 silly addNameRange     '1.7.2',
25 silly addNameRange     '1.7.3',
25 silly addNameRange     '1.8.0',
25 silly addNameRange     '1.8.1',
25 silly addNameRange     '1.8.2',
25 silly addNameRange     '1.8.3',
25 silly addNameRange     '1.9.0',
25 silly addNameRange     '1.9.1',
25 silly addNameRange     '2.0.0-rc1',
25 silly addNameRange     '2.0.0-rc2',
25 silly addNameRange     '2.0.0-rc3',
25 silly addNameRange     '2.0.0-rc4',
25 silly addNameRange     '2.0.0-rc5',
25 silly addNameRange     '2.0.0-rc6',
25 silly addNameRange     '2.0.0-rc7',
25 silly addNameRange     '2.0.0-rc8',
25 silly addNameRange     '2.0.0-rc9',
25 silly addNameRange     '2.0.0-rc10',
25 silly addNameRange     '2.0.0',
25 silly addNameRange     '2.0.1',
25 silly addNameRange     '2.1.0',
25 silly addNameRange     '2.1.1',
25 silly addNameRange     '2.1.2',
25 silly addNameRange     '2.1.3',
25 silly addNameRange     '2.1.4',
25 silly addNameRange     '2.1.6',
25 silly addNameRange     '2.2.0',
25 silly addNameRange     '2.2.1',
25 silly addNameRange     '2.2.2',
25 silly addNameRange     '2.2.3',
25 silly addNameRange     '2.2.4',
25 silly addNameRange     '2.2.5',
25 silly addNameRange     '2.3.0',
25 silly addNameRange     '2.3.1',
25 silly addNameRange     '2.3.2',
25 silly addNameRange     '2.4.0',
25 silly addNameRange     '2.4.1',
25 silly addNameRange     '2.5.0',
25 silly addNameRange     '2.5.1',
25 silly addNameRange     '2.5.2',
25 silly addNameRange     '2.5.3',
25 silly addNameRange     '2.6.0',
25 silly addNameRange     '2.6.1',
25 silly addNameRange     '2.6.2',
25 silly addNameRange     '2.6.3',
25 silly addNameRange     '2.6.4',
25 silly addNameRange     '2.6.5',
25 silly addNameRange     '2.6.6',
25 silly addNameRange     '1.9.2',
25 silly addNameRange     '2.6.7',
25 silly addNameRange     '2.6.8',
25 silly addNameRange     '2.6.9',
25 silly addNameRange     '2.6.10',
25 silly addNameRange     '2.6.11',
25 silly addNameRange     '2.7.0',
25 silly addNameRange     '2.7.1',
25 silly addNameRange     '2.7.2',
25 silly addNameRange     '2.7.3',
25 silly addNameRange     '2.7.4',
25 silly addNameRange     '2.7.5',
25 silly addNameRange     '2.7.6',
25 silly addNameRange     '2.7.7',
25 silly addNameRange     '2.7.8',
25 silly addNameRange     '2.7.9',
25 silly addNameRange     '2.7.10',
25 silly addNameRange     '2.7.11',
25 silly addNameRange     '2.7.12',
25 silly addNameRange     '2.7.13',
25 silly addNameRange     '2.8.0',
25 silly addNameRange     '2.8.1',
25 silly addNameRange     '2.8.2',
25 silly addNameRange     '2.8.3',
25 silly addNameRange     '2.9.0',
25 silly addNameRange     '2.9.1',
25 silly addNameRange     '2.9.2',
25 silly addNameRange     '2.9.3',
25 silly addNameRange     '2.9.4',
25 silly addNameRange     '2.9.5',
25 silly addNameRange     '2.9.6',
25 silly addNameRange     '2.9.7',
25 silly addNameRange     '2.9.8',
25 silly addNameRange     '2.9.9',
25 silly addNameRange     '2.9.10',
25 silly addNameRange     '2.9.11',
25 silly addNameRange     '2.9.12',
25 silly addNameRange     '2.10.0',
25 silly addNameRange     '2.10.1',
25 silly addNameRange     '2.11.0',
25 silly addNameRange     '2.11.1',
25 silly addNameRange     '2.11.2',
25 silly addNameRange     '2.12.1',
25 silly addNameRange     '2.12.2',
25 silly addNameRange     '2.12.3',
25 silly addNameRange     '2.12.4',
25 silly addNameRange     '2.12.5',
25 silly addNameRange     '2.12.6',
25 silly addNameRange     '2.12.7',
25 silly addNameRange     '2.12.8',
25 silly addNameRange     '2.12.9',
25 silly addNameRange     '2.12.10',
25 silly addNameRange     '2.12.11',
25 silly addNameRange     '2.12.12',
25 silly addNameRange     '2.13.0',
25 silly addNameRange     '2.14.0',
25 silly addNameRange     '2.14.1',
25 silly addNameRange     '2.14.2',
25 silly addNameRange     '2.14.3',
25 silly addNameRange     '2.15.0',
25 silly addNameRange     '2.16.0',
25 silly addNameRange     '2.16.1',
25 silly addNameRange     '2.17.0',
25 silly addNameRange     '2.17.1',
25 silly addNameRange     '2.17.2',
25 silly addNameRange     '2.17.3',
25 silly addNameRange     '2.17.4',
25 silly addNameRange     '2.17.5',
25 silly addNameRange     '2.17.6',
25 silly addNameRange     '2.18.0',
25 silly addNameRange     '2.18.1',
25 silly addNameRange     '2.18.2',
25 silly addNameRange     '2.18.3',
25 silly addNameRange     '2.18.4',
25 silly addNameRange     '2.18.5',
25 silly addNameRange     '2.18.6',
25 silly addNameRange     '2.18.7',
25 silly addNameRange     '2.18.8',
25 silly addNameRange     '2.18.9',
25 silly addNameRange     '2.18.10',
25 silly addNameRange     '2.18.11',
25 silly addNameRange     '2.18.12',
25 silly addNameRange     '2.18.13',
25 silly addNameRange     '2.19.0',
25 silly addNameRange     '2.20.0',
25 silly addNameRange     '2.20.1',
25 silly addNameRange     '2.21.0',
25 silly addNameRange     '2.22.0',
25 silly addNameRange     '2.23.0',
25 silly addNameRange     '2.23.1',
25 silly addNameRange     '2.23.2',
25 silly addNameRange     '2.23.3',
25 silly addNameRange     '2.23.4',
25 silly addNameRange     '2.23.5' ] ]
26 verbose addNamed [ 'browser-sync', '2.23.5' ]
27 verbose addNamed [ '2.23.5', '2.23.5' ]
28 silly lockFile 8fc9e59b-browser-sync-2-23-5 browser-sync@2.23.5
29 verbose lock browser-sync@2.23.5 /home/biadmin/.npm/8fc9e59b-browser-sync-2-23-5.lock
30 silly lockFile 451ba1a2-ser-sync-browser-sync-2-23-5-tgz https://registry.npmjs.org/browser-sync/-/browser-sync-2.23.5.tgz
31 verbose lock https://registry.npmjs.org/browser-sync/-/browser-sync-2.23.5.tgz /home/biadmin/.npm/451ba1a2-ser-sync-browser-sync-2-23-5-tgz.lock
32 verbose addRemoteTarball [ 'https://registry.npmjs.org/browser-sync/-/browser-sync-2.23.5.tgz',
32 verbose addRemoteTarball   '088bc5c3bb4dfc1507bad0278f140d8060fe4299' ]
33 silly lockFile 451ba1a2-ser-sync-browser-sync-2-23-5-tgz https://registry.npmjs.org/browser-sync/-/browser-sync-2.23.5.tgz
34 silly lockFile 8fc9e59b-browser-sync-2-23-5 browser-sync@2.23.5
35 silly lockFile 6373e9ab-browser-sync browser-sync@
36 error Error: EACCES, mkdir '/home/biadmin/tmp/npm-26195'
36 error  { [Error: EACCES, mkdir '/home/biadmin/tmp/npm-26195'] errno: 3, code: 'EACCES', path: '/home/biadmin/tmp/npm-26195' }
37 error Please try running this command again as root/Administrator.
38 error System Linux 4.4.0-75-generic
39 error command "/usr/local/bin/node" "/usr/local/bin/npm" "install" "browser-sync"
40 error cwd /var/www/html/biweb9
41 error node -v v0.8.16
42 error npm -v 1.1.69
43 error path /home/biadmin/tmp/npm-26195
44 error code EACCES
45 error errno 3
46 error stack Error: EACCES, mkdir '/home/biadmin/tmp/npm-26195'
47 verbose exit [ 3, true ]
